TN:
SF:app.js
FN:17,(anonymous_0)
FN:24,(anonymous_1)
FNF:2
FNH:1
FNDA:0,(anonymous_0)
FNDA:4,(anonymous_1)
DA:2,1
DA:4,1
DA:5,1
DA:6,1
DA:7,1
DA:10,1
DA:11,1
DA:12,1
DA:17,1
DA:18,0
DA:19,0
DA:24,1
DA:25,4
DA:27,4
DA:33,1
LF:15
LH:13
BRDA:25,0,0,4
BRDA:25,0,1,0
BRF:2
BRH:1
end_of_record
TN:
SF:db.js
FNF:0
FNH:0
DA:3,1
DA:7,1
DA:8,1
DA:10,0
DA:13,1
DA:17,1
DA:19,1
LF:7
LH:6
BRDA:7,0,0,1
BRDA:7,0,1,0
BRF:2
BRH:1
end_of_record
TN:
SF:expressError.js
FN:8,(anonymous_0)
FNF:1
FNH:1
FNDA:4,(anonymous_0)
DA:9,4
DA:10,4
DA:11,4
DA:12,4
DA:17,1
LF:5
LH:5
BRF:0
BRH:0
end_of_record
TN:
SF:routes/companies.js
FN:7,(anonymous_0)
FN:17,(anonymous_1)
FN:41,(anonymous_2)
FN:50,(anonymous_3)
FN:69,(anonymous_4)
FN:90,(anonymous_5)
FNF:6
FNH:6
FNDA:1,(anonymous_0)
FNDA:2,(anonymous_1)
FNDA:1,(anonymous_2)
FNDA:2,(anonymous_3)
FNDA:2,(anonymous_4)
FNDA:2,(anonymous_5)
DA:1,1
DA:2,1
DA:3,1
DA:5,1
DA:7,1
DA:8,1
DA:9,1
DA:11,1
DA:13,0
DA:17,1
DA:18,2
DA:19,2
DA:29,2
DA:30,1
DA:33,1
DA:40,1
DA:41,1
DA:42,1
DA:44,1
DA:46,1
DA:50,1
DA:51,2
DA:52,2
DA:53,1
DA:55,1
DA:56,1
DA:63,1
DA:65,1
DA:69,1
DA:70,2
DA:71,2
DA:73,2
DA:80,2
DA:81,1
DA:84,1
DA:86,1
DA:90,1
DA:91,2
DA:92,2
DA:99,2
DA:100,1
DA:103,1
DA:105,1
DA:109,1
LF:44
LH:43
BRDA:29,0,0,1
BRDA:29,0,1,1
BRDA:52,1,0,1
BRDA:52,1,1,1
BRDA:52,2,0,2
BRDA:52,2,1,1
BRDA:52,2,2,1
BRDA:80,3,0,1
BRDA:80,3,1,1
BRDA:99,4,0,1
BRDA:99,4,1,1
BRF:11
BRH:11
end_of_record
TN:
SF:routes/invoices.js
FN:7,(anonymous_0)
FN:17,(anonymous_1)
FN:51,(anonymous_2)
FN:67,(anonymous_3)
FN:86,(anonymous_4)
FNF:5
FNH:0
FNDA:0,(anonymous_0)
FNDA:0,(anonymous_1)
FNDA:0,(anonymous_2)
FNDA:0,(anonymous_3)
FNDA:0,(anonymous_4)
DA:1,1
DA:2,1
DA:3,1
DA:5,1
DA:7,1
DA:8,0
DA:9,0
DA:11,0
DA:13,0
DA:17,1
DA:18,0
DA:19,0
DA:26,0
DA:27,0
DA:30,0
DA:31,0
DA:32,0
DA:34,0
DA:40,0
DA:42,0
DA:43,0
DA:45,0
DA:47,0
DA:51,1
DA:52,0
DA:53,0
DA:54,0
DA:61,0
DA:63,0
DA:67,1
DA:68,0
DA:69,0
DA:71,0
DA:78,0
DA:80,0
DA:82,0
DA:86,1
DA:87,0
DA:88,0
DA:95,0
DA:97,0
DA:99,0
DA:103,1
LF:43
LH:10
BRDA:26,0,0,0
BRDA:26,0,1,0
BRDA:78,1,0,0
BRDA:78,1,1,0
BRDA:95,2,0,0
BRDA:95,2,1,0
BRF:6
BRH:0
end_of_record
